<?xml version="1.0" encoding="UTF-8"?>
<!-- Generated by org.testng.reporters.JUnitReportReporter -->
<testsuite hostname="PrabhaDell" failures="0" tests="1" name="com.orangehrm.test_cases.Test_Fetch_Account_assistants" time="5.629" errors="0" timestamp="2021-04-19T19:24:30 EDT" skipped="0">
  <testcase classname="com.orangehrm.test_cases.Test_Fetch_Account_assistants" name="verifyFilteringJobTitle" time="5.629"/>
  <system-out/>
</testsuite> <!-- com.orangehrm.test_cases.Test_Fetch_Account_assistants -->
